<?xml version="1.0" encoding="UTF-8"?>
<!-- Generated by org.testng.reporters.JUnitXMLReporter -->
<testsuite hostname="OZDEN-iMac.ht.home" ignored="0" name="All Functionalities" tests="2" failures="0" timestamp="2023-01-22T23:35:01 EST" time="15.93" errors="0">
  <testcase name="messageAfterPasswordReset" time="4.162" classname="test_scripts.TechGlo_LinkAndPasswordTest"/>
  <testcase name="validateResetPasswordLink" time="6.186" classname="test_scripts.TechGlo_LinkAndPasswordTest"/>
</testsuite> <!-- All Functionalities -->
