<?xml version="1.0" encoding="UTF-8"?>
<testng-results skipped="0" failed="0" ignored="0" total="2" passed="2">
  <reporter-output>
  </reporter-output>
  <suite name="Regression" duration-ms="15930" started-at="2023-01-22T23:34:45 EST" finished-at="2023-01-22T23:35:01 EST">
    <groups>
    </groups>
    <test name="All Functionalities" duration-ms="15930" started-at="2023-01-22T23:34:45 EST" finished-at="2023-01-22T23:35:01 EST">
      <class name="test_scripts.TechGlo_LinkAndPasswordTest">
        <test-method status="PASS" signature="setup()[pri:0, instance:test_scripts.TechGlo_LinkAndPasswordTest@77cd7a0]" name="setup" is-config="true" duration-ms="2819" started-at="2023-01-22T23:34:45 EST" finished-at="2023-01-22T23:34:48 EST">
          <reporter-output>
          </reporter-output>
        </test-method> <!-- setup -->
        <test-method status="PASS" signature="messageAfterPasswordReset()[pri:1, instance:test_scripts.TechGlo_LinkAndPasswordTest@77cd7a0]" name="messageAfterPasswordReset" duration-ms="4162" started-at="2023-01-22T23:34:48 EST" description="Validate the message after resetting the password" finished-at="2023-01-22T23:34:52 EST">
          <reporter-output>
          </reporter-output>
        </test-method> <!-- messageAfterPasswordReset -->
        <test-method status="PASS" signature="tearDown()[pri:0, instance:test_scripts.TechGlo_LinkAndPasswordTest@77cd7a0]" name="tearDown" is-config="true" duration-ms="86" started-at="2023-01-22T23:34:52 EST" finished-at="2023-01-22T23:34:52 EST">
          <reporter-output>
          </reporter-output>
        </test-method> <!-- tearDown -->
        <test-method status="PASS" signature="setup()[pri:0, instance:test_scripts.TechGlo_LinkAndPasswordTest@77cd7a0]" name="setup" is-config="true" duration-ms="2567" started-at="2023-01-22T23:34:52 EST" finished-at="2023-01-22T23:34:55 EST">
          <reporter-output>
          </reporter-output>
        </test-method> <!-- setup -->
        <test-method status="PASS" signature="validateResetPasswordLink()[pri:2, instance:test_scripts.TechGlo_LinkAndPasswordTest@77cd7a0]" name="validateResetPasswordLink" duration-ms="6186" started-at="2023-01-22T23:34:55 EST" description="Validate Reset and Password Link on Login Form Card" finished-at="2023-01-22T23:35:01 EST">
          <reporter-output>
          </reporter-output>
        </test-method> <!-- validateResetPasswordLink -->
        <test-method status="PASS" signature="tearDown()[pri:0, instance:test_scripts.TechGlo_LinkAndPasswordTest@77cd7a0]" name="tearDown" is-config="true" duration-ms="85" started-at="2023-01-22T23:35:01 EST" finished-at="2023-01-22T23:35:01 EST">
          <reporter-output>
          </reporter-output>
        </test-method> <!-- tearDown -->
      </class> <!-- test_scripts.TechGlo_LinkAndPasswordTest -->
    </test> <!-- All Functionalities -->
  </suite> <!-- Regression -->
</testng-results>
